<?xml version="1.0" encoding="UTF-8"?>
<!-- Generated by org.testng.reporters.JUnitReportReporter -->
<testsuite hostname="DESKTOP-O4GGBB4" name="testCases.NewTest" tests="1" failures="0" timestamp="8 Mar 2016 07:01:07 GMT" time="54.508" errors="0">
  <testcase name="mainrun" time="54.508" classname="testCases.NewTest"/>
</testsuite> <!-- testCases.NewTest -->
