<?xml version="1.0" encoding="UTF-8"?>
<!-- Generated by org.testng.reporters.JUnitReportReporter -->
<testsuite hostname="vtest-PC" name="testCases.Login_with_Valid_Data" tests="1" failures="0" timestamp="23 Nov 2016 07:35:56 GMT" time="4.013" errors="0">
  <testcase name="Testsc" time="4.013" classname="testCases.Login_with_Valid_Data"/>
</testsuite> <!-- testCases.Login_with_Valid_Data -->
