<?xml version="1.0" encoding="UTF-8"?>
<!-- Generated by org.testng.reporters.JUnitReportReporter -->
<testsuite hostname="DESKTOP-O4GGBB4" name="appModules.nulli" tests="1" failures="0" timestamp="8 Mar 2016 08:08:46 GMT" time="58.157" errors="0">
  <testcase name="beforeMethod" time="58.157" classname="appModules.nulli"/>
</testsuite> <!-- appModules.nulli -->
